{
"contracts\\DEX.sol":{"l":{"43":81,"44":81,"52":28,"54":27,"55":27,"57":27,"58":24,"60":3,"64":2,"67":26,"69":26,"70":26,"72":26,"73":26,"75":26,"83":5,"84":5,"86":3,"87":3,"89":3,"90":3,"92":3,"93":3,"95":3,"96":3,"98":3,"106":11,"108":10,"110":10,"111":10,"113":10,"114":10,"116":10,"124":1,"126":1,"128":1,"129":1,"131":1,"132":1,"134":1,"139":3,"140":2,"149":14,"162":12,"163":12,"165":12,"166":12,"167":12,"169":12,"174":24,"175":23,"176":23,"177":23,"178":1659,"179":1659,"182":1},"path":"E:\\partnr\\Week-6(bonus)\\dex-amm\\contracts\\DEX.sol","s":{"1":28,"2":27,"3":27,"4":27,"5":3,"6":26,"7":26,"8":5,"9":5,"10":3,"11":3,"12":3,"13":11,"14":10,"15":10,"16":10,"17":1,"18":1,"19":1,"20":1,"21":3,"22":14,"23":12,"24":12,"25":12,"26":12,"27":12,"28":24,"29":23,"30":23,"31":1},"b":{"1":[27,1],"2":[24,3],"3":[2,1],"4":[26,0],"5":[5,0],"6":[3,2],"7":[10,1],"8":[1,0],"9":[2,1],"10":[12,0],"11":[12,0],"12":[23,1],"13":[1,0]},"f":{"1":81,"2":28,"3":5,"4":11,"5":1,"6":3,"7":14,"8":12,"9":24},"fnMap":{"1":{"name":"constructor","line":42,"loc":{"start":{"line":42,"column":4},"end":{"line":45,"column":4}}},"2":{"name":"addLiquidity","line":48,"loc":{"start":{"line":48,"column":4},"end":{"line":76,"column":4}}},"3":{"name":"removeLiquidity","line":79,"loc":{"start":{"line":79,"column":4},"end":{"line":99,"column":4}}},"4":{"name":"swapAForB","line":102,"loc":{"start":{"line":102,"column":4},"end":{"line":117,"column":4}}},"5":{"name":"swapBForA","line":120,"loc":{"start":{"line":120,"column":4},"end":{"line":135,"column":4}}},"6":{"name":"getPrice","line":138,"loc":{"start":{"line":138,"column":4},"end":{"line":141,"column":4}}},"7":{"name":"getReserves","line":144,"loc":{"start":{"line":144,"column":4},"end":{"line":150,"column":4}}},"8":{"name":"getAmountOut","line":153,"loc":{"start":{"line":153,"column":4},"end":{"line":170,"column":4}}},"9":{"name":"_sqrt","line":173,"loc":{"start":{"line":173,"column":4},"end":{"line":184,"column":4}}}},"statementMap":{"1":{"start":{"line":52,"column":8},"end":{"line":52,"column":57}},"2":{"start":{"line":54,"column":8},"end":{"line":54,"column":70}},"3":{"start":{"line":55,"column":8},"end":{"line":55,"column":70}},"4":{"start":{"line":57,"column":8},"end":{"line":57,"column":1464}},"5":{"start":{"line":60,"column":12},"end":{"line":60,"column":1583}},"6":{"start":{"line":67,"column":8},"end":{"line":67,"column":53}},"7":{"start":{"line":75,"column":8},"end":{"line":75,"column":74}},"8":{"start":{"line":83,"column":8},"end":{"line":83,"column":53}},"9":{"start":{"line":84,"column":8},"end":{"line":84,"column":73}},"10":{"start":{"line":95,"column":8},"end":{"line":95,"column":51}},"11":{"start":{"line":96,"column":8},"end":{"line":96,"column":51}},"12":{"start":{"line":98,"column":8},"end":{"line":98,"column":76}},"13":{"start":{"line":106,"column":8},"end":{"line":106,"column":43}},"14":{"start":{"line":110,"column":8},"end":{"line":110,"column":72}},"15":{"start":{"line":111,"column":8},"end":{"line":111,"column":54}},"16":{"start":{"line":116,"column":8},"end":{"line":116,"column":68}},"17":{"start":{"line":124,"column":8},"end":{"line":124,"column":43}},"18":{"start":{"line":128,"column":8},"end":{"line":128,"column":72}},"19":{"start":{"line":129,"column":8},"end":{"line":129,"column":54}},"20":{"start":{"line":134,"column":8},"end":{"line":134,"column":68}},"21":{"start":{"line":139,"column":8},"end":{"line":139,"column":44}},"22":{"start":{"line":149,"column":8},"end":{"line":149,"column":35}},"23":{"start":{"line":162,"column":8},"end":{"line":162,"column":42}},"24":{"start":{"line":163,"column":8},"end":{"line":163,"column":63}},"25":{"start":{"line":165,"column":8},"end":{"line":165,"column":48}},"26":{"start":{"line":166,"column":8},"end":{"line":166,"column":56}},"27":{"start":{"line":167,"column":8},"end":{"line":167,"column":66}},"28":{"start":{"line":174,"column":8},"end":{"line":174,"column":5136}},"29":{"start":{"line":176,"column":12},"end":{"line":176,"column":33}},"30":{"start":{"line":177,"column":12},"end":{"line":177,"column":5222}},"31":{"start":{"line":181,"column":15},"end":{"line":181,"column":5327}}},"branchMap":{"1":{"line":52,"type":"if","locations":[{"start":{"line":52,"column":8},"end":{"line":52,"column":8}},{"start":{"line":52,"column":8},"end":{"line":52,"column":8}}]},"2":{"line":57,"type":"if","locations":[{"start":{"line":57,"column":8},"end":{"line":57,"column":8}},{"start":{"line":57,"column":8},"end":{"line":57,"column":8}}]},"3":{"line":60,"type":"if","locations":[{"start":{"line":60,"column":12},"end":{"line":60,"column":12}},{"start":{"line":60,"column":12},"end":{"line":60,"column":12}}]},"4":{"line":67,"type":"if","locations":[{"start":{"line":67,"column":8},"end":{"line":67,"column":8}},{"start":{"line":67,"column":8},"end":{"line":67,"column":8}}]},"5":{"line":83,"type":"if","locations":[{"start":{"line":83,"column":8},"end":{"line":83,"column":8}},{"start":{"line":83,"column":8},"end":{"line":83,"column":8}}]},"6":{"line":84,"type":"if","locations":[{"start":{"line":84,"column":8},"end":{"line":84,"column":8}},{"start":{"line":84,"column":8},"end":{"line":84,"column":8}}]},"7":{"line":106,"type":"if","locations":[{"start":{"line":106,"column":8},"end":{"line":106,"column":8}},{"start":{"line":106,"column":8},"end":{"line":106,"column":8}}]},"8":{"line":124,"type":"if","locations":[{"start":{"line":124,"column":8},"end":{"line":124,"column":8}},{"start":{"line":124,"column":8},"end":{"line":124,"column":8}}]},"9":{"line":139,"type":"if","locations":[{"start":{"line":139,"column":8},"end":{"line":139,"column":8}},{"start":{"line":139,"column":8},"end":{"line":139,"column":8}}]},"10":{"line":162,"type":"if","locations":[{"start":{"line":162,"column":8},"end":{"line":162,"column":8}},{"start":{"line":162,"column":8},"end":{"line":162,"column":8}}]},"11":{"line":163,"type":"if","locations":[{"start":{"line":163,"column":8},"end":{"line":163,"column":8}},{"start":{"line":163,"column":8},"end":{"line":163,"column":8}}]},"12":{"line":174,"type":"if","locations":[{"start":{"line":174,"column":8},"end":{"line":174,"column":8}},{"start":{"line":174,"column":8},"end":{"line":174,"column":8}}]},"13":{"line":181,"type":"if","locations":[{"start":{"line":181,"column":15},"end":{"line":181,"column":15}},{"start":{"line":181,"column":15},"end":{"line":181,"column":15}}]}}},
"contracts\\MockERC20.sol":{"l":{"10":162,"15":54},"path":"E:\\partnr\\Week-6(bonus)\\dex-amm\\contracts\\MockERC20.sol","s":{"1":162,"2":54},"b":{},"f":{"1":162,"2":54},"fnMap":{"1":{"name":"constructor","line":8,"loc":{"start":{"line":7,"column":4},"end":{"line":11,"column":4}}},"2":{"name":"mint","line":14,"loc":{"start":{"line":14,"column":4},"end":{"line":16,"column":4}}}},"statementMap":{"1":{"start":{"line":10,"column":8},"end":{"line":10,"column":42}},"2":{"start":{"line":15,"column":8},"end":{"line":15,"column":24}}},"branchMap":{}}}
