TN:
SF:E:\partnr\Week-6(bonus)\dex-amm\contracts\DEX.sol
FN:42,constructor
FN:48,addLiquidity
FN:79,removeLiquidity
FN:102,swapAForB
FN:120,swapBForA
FN:138,getPrice
FN:144,getReserves
FN:153,getAmountOut
FN:173,_sqrt
FNF:9
FNH:9
FNDA:81,constructor
FNDA:28,addLiquidity
FNDA:5,removeLiquidity
FNDA:11,swapAForB
FNDA:1,swapBForA
FNDA:3,getPrice
FNDA:14,getReserves
FNDA:12,getAmountOut
FNDA:24,_sqrt
DA:43,81
DA:44,81
DA:52,28
DA:54,27
DA:55,27
DA:57,27
DA:58,24
DA:60,3
DA:64,2
DA:67,26
DA:69,26
DA:70,26
DA:72,26
DA:73,26
DA:75,26
DA:83,5
DA:84,5
DA:86,3
DA:87,3
DA:89,3
DA:90,3
DA:92,3
DA:93,3
DA:95,3
DA:96,3
DA:98,3
DA:106,11
DA:108,10
DA:110,10
DA:111,10
DA:113,10
DA:114,10
DA:116,10
DA:124,1
DA:126,1
DA:128,1
DA:129,1
DA:131,1
DA:132,1
DA:134,1
DA:139,3
DA:140,2
DA:149,14
DA:162,12
DA:163,12
DA:165,12
DA:166,12
DA:167,12
DA:169,12
DA:174,24
DA:175,23
DA:176,23
DA:177,23
DA:178,1659
DA:179,1659
DA:182,1
LF:56
LH:56
BRDA:52,1,0,27
BRDA:52,1,1,1
BRDA:57,2,0,24
BRDA:57,2,1,3
BRDA:60,3,0,2
BRDA:60,3,1,1
BRDA:67,4,0,26
BRDA:67,4,1,0
BRDA:83,5,0,5
BRDA:83,5,1,0
BRDA:84,6,0,3
BRDA:84,6,1,2
BRDA:106,7,0,10
BRDA:106,7,1,1
BRDA:124,8,0,1
BRDA:124,8,1,0
BRDA:139,9,0,2
BRDA:139,9,1,1
BRDA:162,10,0,12
BRDA:162,10,1,0
BRDA:163,11,0,12
BRDA:163,11,1,0
BRDA:174,12,0,23
BRDA:174,12,1,1
BRDA:181,13,0,1
BRDA:181,13,1,0
BRF:26
BRH:20
end_of_record
TN:
SF:E:\partnr\Week-6(bonus)\dex-amm\contracts\MockERC20.sol
FN:8,constructor
FN:14,mint
FNF:2
FNH:2
FNDA:162,constructor
FNDA:54,mint
DA:10,162
DA:15,54
LF:2
LH:2
BRF:0
BRH:0
end_of_record
